C51 COMPILER V9.54   AVOID                                                                 05/08/2017 14:09:21 PAGE 1   


C51 COMPILER V9.54, COMPILATION OF MODULE AVOID
OBJECT MODULE PLACED IN .\Objects\avoid.obj
COMPILER INVOKED BY: D:\softinstall\Keil_v5\C51\BIN\C51.EXE avoid.c OPTIMIZE(8,SPEED) BROWSE DEBUG OBJECTEXTEND PRINT(.\
                    -Listings\avoid.lst) TABS(2) OBJECT(.\Objects\avoid.obj)

line level    source

   1          #include "avoid.h"
   2          #include "direction.h"
   3          #include "delay.h"
   4          sbit AVOA=P1^3;//壁障A(AVOA)
   5          sbit AVOB=P1^4;//壁障B(AVOB)
   6          unsigned char avo;//avo=0,代表没遇到障碍物。avo=1，代表壁障A检测到障碍物。avo=2，代表壁障B检测到障碍物。
   7          void Avoid(void)
   8          {
   9   1        if(!AVOA) avo=1;
  10   1        else if(!AVOB) avo=2;
  11   1        else avo=0;
  12   1        switch(avo)
  13   1        {
  14   2          case 0:
  15   2          {
  16   3            Forward();
  17   3          }break;
  18   2          case 1:
  19   2          {
  20   3            Back();
  21   3            delay_ms(200);
  22   3            Right();
  23   3            delay_ms(200);
  24   3            Stop();
  25   3          }break;
  26   2          case 2:
  27   2          {
  28   3            Back();
  29   3            delay_ms(200);
  30   3            Left();
  31   3            delay_ms(200);
  32   3            Stop(); 
  33   3          }break;
  34   2          default :break;
  35   2        }
  36   1      }


MODULE INFORMATION:   STATIC OVERLAYABLE
   CODE SIZE        =     73    ----
   CONSTANT SIZE    =   ----    ----
   XDATA SIZE       =   ----    ----
   PDATA SIZE       =   ----    ----
   DATA SIZE        =      1    ----
   IDATA SIZE       =   ----    ----
   BIT SIZE         =   ----    ----
END OF MODULE INFORMATION.


C51 COMPILATION COMPLETE.  0 WARNING(S),  0 ERROR(S)
