C51 COMPILER V9.54   BUZZER                                                                05/08/2017 15:09:24 PAGE 1   


C51 COMPILER V9.54, COMPILATION OF MODULE BUZZER
OBJECT MODULE PLACED IN .\Objects\buzzer.obj
COMPILER INVOKED BY: D:\softinstall\Keil_v5\C51\BIN\C51.EXE buzzer.c OPTIMIZE(8,SPEED) BROWSE DEBUG OBJECTEXTEND PRINT(.
                    -\Listings\buzzer.lst) TABS(2) OBJECT(.\Objects\buzzer.obj)

line level    source

   1          #include "buzzer.h"
   2          #include "delay.h"
   3          sbit BZ=P0^0;
   4          sbit LED=P0^1;
   5          void Buzzer(unsigned char function)
   6          {
   7   1        unsigned char i;
   8   1        switch(function)
   9   1        {
  10   2          case 1:
  11   2          {
  12   3            BZ=0;
  13   3            LED=0;
  14   3            delay_ms(500);
  15   3            BZ=1;
  16   3            LED=1;
  17   3            delay_ms(500);      
  18   3          }break;
  19   2          
  20   2          case 2:
  21   2          {
  22   3            
  23   3            for(i=0;i<2;i++)
  24   3            {
  25   4              BZ=0;
  26   4              LED=0;
  27   4              delay_ms(500);
  28   4              BZ=1;
  29   4              LED=1;
  30   4              delay_ms(500);
  31   4            }       
  32   3          }break;
  33   2          
  34   2          case 3:
  35   2          {
  36   3            for(i=0;i<3;i++)
  37   3            {
  38   4              BZ=0;
  39   4              LED=0;
  40   4              delay_ms(500);
  41   4              BZ=1;
  42   4              LED=1;
  43   4              delay_ms(500);
  44   4            }   
  45   3          }break;
  46   2          
  47   2          case 4:
  48   2          {
  49   3            for(i=0;i<4;i++)
  50   3            {
  51   4              BZ=0;
  52   4              LED=0;
  53   4              delay_ms(500);
  54   4              BZ=1;
C51 COMPILER V9.54   BUZZER                                                                05/08/2017 15:09:24 PAGE 2   

  55   4              LED=1;
  56   4              delay_ms(500);
  57   4            }     
  58   3          }break;
  59   2          default :break;
  60   2        }
  61   1      }


MODULE INFORMATION:   STATIC OVERLAYABLE
   CODE SIZE        =    145    ----
   CONSTANT SIZE    =   ----    ----
   XDATA SIZE       =   ----    ----
   PDATA SIZE       =   ----    ----
   DATA SIZE        =   ----       1
   IDATA SIZE       =   ----    ----
   BIT SIZE         =   ----    ----
END OF MODULE INFORMATION.


C51 COMPILATION COMPLETE.  0 WARNING(S),  0 ERROR(S)
