C51 COMPILER V9.54   DELAY                                                                 05/08/2017 14:09:21 PAGE 1   


C51 COMPILER V9.54, COMPILATION OF MODULE DELAY
OBJECT MODULE PLACED IN .\Objects\delay.obj
COMPILER INVOKED BY: D:\softinstall\Keil_v5\C51\BIN\C51.EXE delay.c OPTIMIZE(8,SPEED) BROWSE DEBUG OBJECTEXTEND PRINT(.\
                    -Listings\delay.lst) TABS(2) OBJECT(.\Objects\delay.obj)

line level    source

   1          #include "delay.h"
   2          /*11.0592MHZ晶振下的延时函数*/
   3          void delay_ms(unsigned int ms)
   4          {
   5   1        unsigned int i;
   6   1        unsigned char j;
   7   1        for(i=0;i<ms;i++)
   8   1        {
   9   2          for(j=0;j<200;j++);
  10   2          for(j=0;j<102;j++);
  11   2        }
  12   1      }


MODULE INFORMATION:   STATIC OVERLAYABLE
   CODE SIZE        =     30    ----
   CONSTANT SIZE    =   ----    ----
   XDATA SIZE       =   ----    ----
   PDATA SIZE       =   ----    ----
   DATA SIZE        =   ----    ----
   IDATA SIZE       =   ----    ----
   BIT SIZE         =   ----    ----
END OF MODULE INFORMATION.


C51 COMPILATION COMPLETE.  0 WARNING(S),  0 ERROR(S)
