C51 COMPILER V9.54   DIRECTION                                                             05/08/2017 14:09:21 PAGE 1   


C51 COMPILER V9.54, COMPILATION OF MODULE DIRECTION
OBJECT MODULE PLACED IN .\Objects\direction.obj
COMPILER INVOKED BY: D:\softinstall\Keil_v5\C51\BIN\C51.EXE direction.c OPTIMIZE(8,SPEED) BROWSE DEBUG OBJECTEXTEND PRIN
                    -T(.\Listings\direction.lst) TABS(2) OBJECT(.\Objects\direction.obj)

line level    source

   1          #include "direction.h"
   2          sbit AIN1=P2^5;
   3          sbit AIN2=P2^6;
   4          sbit BIN1=P2^4;
   5          sbit BIN2=P2^3;
   6          void Stop(void)
   7          {
   8   1        AIN1=0;
   9   1        AIN2=0;
  10   1        BIN1=0;
  11   1        BIN2=0;
  12   1      }
  13          
  14          void Forward(void)
  15          {
  16   1        AIN1=1;
  17   1        AIN2=0;
  18   1        BIN1=1;
  19   1        BIN2=0;
  20   1      }
  21          
  22          void Back(void)
  23          {
  24   1        AIN1=0;
  25   1        AIN2=1;
  26   1        BIN1=0;
  27   1        BIN2=1;
  28   1      }
  29          
  30          void Right(void)
  31          {
  32   1        AIN1=1;
  33   1        AIN2=0;
  34   1        BIN1=0;
  35   1        BIN2=1;
  36   1      }
  37          
  38          void Left(void)
  39          {
  40   1        AIN1=0;
  41   1        AIN2=1;
  42   1        BIN1=1;
  43   1        BIN2=0;
  44   1      }


MODULE INFORMATION:   STATIC OVERLAYABLE
   CODE SIZE        =     45    ----
   CONSTANT SIZE    =   ----    ----
   XDATA SIZE       =   ----    ----
   PDATA SIZE       =   ----    ----
   DATA SIZE        =   ----    ----
   IDATA SIZE       =   ----    ----
   BIT SIZE         =   ----    ----
C51 COMPILER V9.54   DIRECTION                                                             05/08/2017 14:09:21 PAGE 2   

END OF MODULE INFORMATION.


C51 COMPILATION COMPLETE.  0 WARNING(S),  0 ERROR(S)
