C51 COMPILER V9.54   INT1                                                                  05/08/2017 15:45:57 PAGE 1   


C51 COMPILER V9.54, COMPILATION OF MODULE INT1
OBJECT MODULE PLACED IN .\Objects\int1.obj
COMPILER INVOKED BY: D:\softinstall\Keil_v5\C51\BIN\C51.EXE int1.c OPTIMIZE(8,SPEED) BROWSE DEBUG OBJECTEXTEND PRINT(.\L
                    -istings\int1.lst) TABS(2) OBJECT(.\Objects\int1.obj)

line level    source

   1          #include "int1.h"
   2          #include "delay.h"
   3          #include "buzzer.h"
   4          #include "pwm.h"
   5          #include "uart.h"
   6          sbit SW=P1^7;//功能选择按键(SW)
   7          extern unsigned char function;//功能序号
   8          
   9          void Init_Int1(void)//初始化外部中断INT1
  10          {
  11   1        EA=1;//总中断使能
  12   1        EX1=1;//外部中断1使能
  13   1        IT1=1;//下降沿触发外部中断1
  14   1      }
  15          
  16          void int1(void) interrupt 2//外部中断1中断函数
  17          {
  18   1        unsigned int num=20000;
  19   1        if(!SW)//功能选择按键(SW)
  20   1        {
  21   2          if(++function>4)function=1;//功能序号切换1~4
  22   2          if(function<4) Int_Pwm();
  23   2          else 
  24   2          {
  25   3            Init_Uart();
  26   3          }
  27   2          Buzzer(function);//蜂鸣器提示音
  28   2        }
  29   1      
  30   1        while(num)//等待按键松开
  31   1        {
  32   2          num--;
  33   2          if(!SW) num=20000;
  34   2        }
  35   1        IE1=0;//清除外部中断1标志位
  36   1      }


MODULE INFORMATION:   STATIC OVERLAYABLE
   CODE SIZE        =    131    ----
   CONSTANT SIZE    =   ----    ----
   XDATA SIZE       =   ----    ----
   PDATA SIZE       =   ----    ----
   DATA SIZE        =   ----       2
   IDATA SIZE       =   ----    ----
   BIT SIZE         =   ----    ----
END OF MODULE INFORMATION.


C51 COMPILATION COMPLETE.  0 WARNING(S),  0 ERROR(S)
