C51 COMPILER V9.54   PWM                                                                   05/08/2017 15:34:40 PAGE 1   


C51 COMPILER V9.54, COMPILATION OF MODULE PWM
OBJECT MODULE PLACED IN .\Objects\pwm.obj
COMPILER INVOKED BY: D:\softinstall\Keil_v5\C51\BIN\C51.EXE pwm.c OPTIMIZE(8,SPEED) BROWSE DEBUG OBJECTEXTEND PRINT(.\Li
                    -stings\pwm.lst) TABS(2) OBJECT(.\Objects\pwm.obj)

line level    source

   1          #include "pwm.h"
   2          sbit PWML=P2^7;
   3          sbit PWMR=P2^2;
   4          unsigned int pwm=60927;
   5          void Int_Pwm(void)
   6          {
   7   1        TR1 = 0;
   8   1        ES = 0;
   9   1        
  10   1        PWMR=PWML=0;
  11   1        TMOD = 0x11;//使用模式1，16位定时器，使用"|"符号可以在使用多个定时器时不受影响    
  12   1        TH1=0xDC;//给定初值，10ms中断
  13   1        TL1=0x00;
  14   1        EA=1;//总中断打开
  15   1        ET1=1;//定时器0中断打开
  16   1        TR1=1;//定时器0开启    
  17   1      }
  18          
  19          void TIME1Interrupt(void) interrupt 3
  20          {
  21   1        static unsigned char pwm1_flag=0;
  22   1        switch(pwm1_flag)
  23   1        {
  24   2          case 0:  PWML=1; PWMR=1;TH1=pwm/256; TL1=pwm%256; break;
  25   2          case 1:  PWML=0; PWMR=0;TH1=((65536-pwm)+56320)/256; TL1=((65536-pwm)+56320)%256; break;
  26   2          default: break;          
  27   2        }
  28   1        if(++pwm1_flag>1) pwm1_flag=0;
  29   1      }


MODULE INFORMATION:   STATIC OVERLAYABLE
   CODE SIZE        =    191    ----
   CONSTANT SIZE    =   ----    ----
   XDATA SIZE       =   ----    ----
   PDATA SIZE       =   ----    ----
   DATA SIZE        =      3    ----
   IDATA SIZE       =   ----    ----
   BIT SIZE         =   ----    ----
END OF MODULE INFORMATION.


C51 COMPILATION COMPLETE.  0 WARNING(S),  0 ERROR(S)
