C51 COMPILER V9.54   RADAR                                                                 05/08/2017 14:09:22 PAGE 1   


C51 COMPILER V9.54, COMPILATION OF MODULE RADAR
OBJECT MODULE PLACED IN .\Objects\radar.obj
COMPILER INVOKED BY: D:\softinstall\Keil_v5\C51\BIN\C51.EXE radar.c OPTIMIZE(8,SPEED) BROWSE DEBUG OBJECTEXTEND PRINT(.\
                    -Listings\radar.lst) TABS(2) OBJECT(.\Objects\radar.obj)

line level    source

   1          #include "radar.h"
   2          #include "delay.h"
   3          #include "time2.h"
   4          #include "uart.h"
   5          extern unsigned int pwmc;//0°pwm=63800，90°pwm=64600，180°pwm=65400
   6          extern unsigned int distance;//超声波测距距离，单位cm
   7          unsigned char angle=0;//舵机角度
   8          unsigned char buff;
   9          bit finish=1;
  10          void Radar(void)
  11          {
  12   1        /*-------------舵机转动角度---------------*/
  13   1        if(angle<180 && finish)
  14   1        {
  15   2          angle+=45;//每次角度转45°，每度对应的pwm量为（（65400-63800）/180）=9
  16   2          pwmc=63800+(angle*9);//0°~180°pwmc=63800~65400
  17   2        }
  18   1        else if(angle>=45)
  19   1        {
  20   2          finish=0;
  21   2          angle-=45;
  22   2          pwmc=63800+(angle*9);//0°~180°pwmc=63800~65400
  23   2        }
  24   1        else
  25   1        {
  26   2          finish=1;
  27   2        }
  28   1        delay_ms(150);//等待舵机到位
  29   1        /*------------超声波模块开始测距----------*/
  30   1        Ultrasonic();
  31   1        /*--------------串口发送数据--------------*/
  32   1        SendOneByte(0xfe);
  33   1        SendOneByte(0xef);
  34   1        SendOneByte(0x05);
  35   1        SendOneByte(0x00);
  36   1        buff=angle/256;
  37   1        SendOneByte(buff);
  38   1        buff=angle%256;
  39   1        SendOneByte(buff);
  40   1        buff=distance/256;
  41   1        SendOneByte(buff);
  42   1        buff=distance%256;
  43   1        SendOneByte(buff);
  44   1      }


MODULE INFORMATION:   STATIC OVERLAYABLE
   CODE SIZE        =    111    ----
   CONSTANT SIZE    =   ----    ----
   XDATA SIZE       =   ----    ----
   PDATA SIZE       =   ----    ----
   DATA SIZE        =      2    ----
   IDATA SIZE       =   ----    ----
   BIT SIZE         =      1    ----
C51 COMPILER V9.54   RADAR                                                                 05/08/2017 14:09:22 PAGE 2   

END OF MODULE INFORMATION.


C51 COMPILATION COMPLETE.  0 WARNING(S),  0 ERROR(S)
