C51 COMPILER V9.54   TIME0                                                                 05/08/2017 14:09:22 PAGE 1   


C51 COMPILER V9.54, COMPILATION OF MODULE TIME0
OBJECT MODULE PLACED IN .\Objects\time0.obj
COMPILER INVOKED BY: D:\softinstall\Keil_v5\C51\BIN\C51.EXE time0.c OPTIMIZE(8,SPEED) BROWSE DEBUG OBJECTEXTEND PRINT(.\
                    -Listings\time0.lst) TABS(2) OBJECT(.\Objects\time0.obj)

line level    source

   1          #include "time0.h"
   2          #include "delay.h"
   3          #include "speed.h"
   4          sbit PWMX=P1^0;
   5          sbit PWMY=P1^1;
   6          sbit PWMC=P1^2;
   7          unsigned int pwmx=64200,pwmy=64400,pwmc=64600;
   8          //0°pwmx=63500，90°pwmx=64200，180°pwmx=65000
   9          //0°pwmy=63800，90°pwmy=64400，180°pwmy=65000
  10          //0°pwmc=63800，90°pwmc=64600，180°pwmc=65400
  11          void Init_Time0(void)
  12          {
  13   1         /*0度=0.5ms, 45度=1ms, 90度=1.5ms, 135度=2ms, 180度=2.5ms*/
  14   1        TMOD |= 0x01;//使用模式1，16位定时器，使用"|"符号可以在使用多个定时器时不受影响   
  15   1        TH0=0xDC;//给定初值，10ms中断
  16   1        TL0=0x00;
  17   1        EA=1;//总中断打开
  18   1        ET0=1;//定时器0中断打开
  19   1        TR0=1;//定时器0开启    
  20   1      }
  21          
  22          void TIME0Interrupt(void) interrupt 1
  23          {
  24   1        static unsigned char pwm_flag=0;
  25   1        switch(pwm_flag)
  26   1        {
  27   2          case 0:  PWMX=1; TH0=pwmx/256; TL0=pwmx%256; break;
  28   2          case 1:  PWMX=0; TH0=((65536-pwmx)+56320)/256; TL0=((65536-pwmx)+56320)%256; break;
  29   2          case 2:  PWMY=1; TH0=pwmy/256; TL0=pwmy%256; break;
  30   2          case 3:  PWMY=0; TH0=((65536-pwmy)+56320)/256; TL0=((65536-pwmy)+56320)%256; break;
  31   2          case 4:  PWMC=1; TH0=pwmc/256; TL0=pwmc%256; break;
  32   2          case 5:  PWMC=0; TH0=((65536-pwmc)+56320)/256; TL0=((65536-pwmc)+56320)%256; break;
  33   2          default: break;          
  34   2        }
  35   1        if(++pwm_flag>5) pwm_flag=0;
  36   1      }


MODULE INFORMATION:   STATIC OVERLAYABLE
   CODE SIZE        =    313    ----
   CONSTANT SIZE    =   ----    ----
   XDATA SIZE       =   ----    ----
   PDATA SIZE       =   ----    ----
   DATA SIZE        =      7    ----
   IDATA SIZE       =   ----    ----
   BIT SIZE         =   ----    ----
END OF MODULE INFORMATION.


C51 COMPILATION COMPLETE.  0 WARNING(S),  0 ERROR(S)
