C51 COMPILER V9.54   TRACK                                                                 05/08/2017 14:09:21 PAGE 1   


C51 COMPILER V9.54, COMPILATION OF MODULE TRACK
OBJECT MODULE PLACED IN .\Objects\track.obj
COMPILER INVOKED BY: D:\softinstall\Keil_v5\C51\BIN\C51.EXE track.c OPTIMIZE(8,SPEED) BROWSE DEBUG OBJECTEXTEND PRINT(.\
                    -Listings\track.lst) TABS(2) OBJECT(.\Objects\track.obj)

line level    source

   1          #include "track.h"
   2          #include "direction.h"
   3          sbit TRAA=P3^5;//循迹A(TRAA)
   4          sbit TRAB=P3^6;//循迹B(TRAB)
   5          unsigned char tra;//tra=0,代表没遇到黑线。tra=1,代表循迹A检测到黑线。tra=2，代表循迹B检测到黑线。
   6          void Track(void)
   7          {
   8   1        if(TRAA) tra=1;
   9   1        else if(TRAB) tra=2;
  10   1        else tra=0;
  11   1        switch(tra)
  12   1        {
  13   2          case 0:
  14   2          {
  15   3            Forward();
  16   3          }break;
  17   2          case 1:
  18   2          {
  19   3            Left();
  20   3          }break;
  21   2          case 2:
  22   2          {
  23   3            Right();
  24   3          }break;
  25   2          default :break;
  26   2        }
  27   1      }


MODULE INFORMATION:   STATIC OVERLAYABLE
   CODE SIZE        =     41    ----
   CONSTANT SIZE    =   ----    ----
   XDATA SIZE       =   ----    ----
   PDATA SIZE       =   ----    ----
   DATA SIZE        =      1    ----
   IDATA SIZE       =   ----    ----
   BIT SIZE         =   ----    ----
END OF MODULE INFORMATION.


C51 COMPILATION COMPLETE.  0 WARNING(S),  0 ERROR(S)
