C51 COMPILER V9.54   UARTJUDGE                                                             05/08/2017 14:09:22 PAGE 1   


C51 COMPILER V9.54, COMPILATION OF MODULE UARTJUDGE
OBJECT MODULE PLACED IN .\Objects\uartjudge.obj
COMPILER INVOKED BY: D:\softinstall\Keil_v5\C51\BIN\C51.EXE uartjudge.c OPTIMIZE(8,SPEED) BROWSE DEBUG OBJECTEXTEND PRIN
                    -T(.\Listings\uartjudge.lst) TABS(2) OBJECT(.\Objects\uartjudge.obj)

line level    source

   1          #include "uartjudge.h"
   2          unsigned char usart_data[4];//Êý¾Ýusart_data[1]~ussart_data[3]
   3          unsigned char usart_cound=0;
   4          unsigned char usart_test1=0;
   5          unsigned char usart_test2=0;
   6          unsigned char usart_switch=0;
   7          extern unsigned char aRxBuffer;
   8          void usartjudge(void)
   9          {
  10   1        if(!usart_switch)
  11   1        {
  12   2          if(usart_test2) usart_cound++;
  13   2          else usart_cound=0;
  14   2          if(aRxBuffer==0xFE)
  15   2          {
  16   3            if(usart_test2)
  17   3            {
  18   4              usart_test1=1;    
  19   4            }
  20   3            else if(!usart_test1)
  21   3            {
  22   4              usart_test1=1;
  23   4              usart_test2=0;
  24   4              usart_cound=0;
  25   4            }
  26   3            else 
  27   3            {
  28   4              usart_test1=0;
  29   4              usart_cound=0;
  30   4            }
  31   3          }
  32   2          else if(usart_test1 && aRxBuffer==0xEF)
  33   2          {
  34   3            usart_test1=0;
  35   3            usart_test2=1;
  36   3            usart_cound=0;
  37   3          }
  38   2          else if(!usart_test2)
  39   2          {
  40   3            usart_test1=0;
  41   3          }
  42   2          else if(usart_test1 && usart_test2) usart_test1=0;
  43   2          if(usart_test2 && usart_cound>0)
  44   2          {
  45   3            usart_data[usart_cound]=aRxBuffer;
  46   3            if(usart_cound>2)
  47   3            {     
  48   4              usart_switch=1;
  49   4              usart_test1=0;
  50   4              usart_test2=0;
  51   4            }
  52   3          }
  53   2        }
  54   1      }
C51 COMPILER V9.54   UARTJUDGE                                                             05/08/2017 14:09:22 PAGE 2   



MODULE INFORMATION:   STATIC OVERLAYABLE
   CODE SIZE        =    121    ----
   CONSTANT SIZE    =   ----    ----
   XDATA SIZE       =   ----    ----
   PDATA SIZE       =   ----    ----
   DATA SIZE        =      8    ----
   IDATA SIZE       =   ----    ----
   BIT SIZE         =   ----    ----
END OF MODULE INFORMATION.


C51 COMPILATION COMPLETE.  0 WARNING(S),  0 ERROR(S)
