C51 COMPILER V9.54   UART                                                                  05/08/2017 15:34:40 PAGE 1   


C51 COMPILER V9.54, COMPILATION OF MODULE UART
OBJECT MODULE PLACED IN .\Objects\uart.obj
COMPILER INVOKED BY: D:\softinstall\Keil_v5\C51\BIN\C51.EXE uart.c OPTIMIZE(8,SPEED) BROWSE DEBUG OBJECTEXTEND PRINT(.\L
                    -istings\uart.lst) TABS(2) OBJECT(.\Objects\uart.obj)

line level    source

   1          #include "uart.h"
   2          #incldue "uartjudge.h"
*** WARNING C315 IN LINE 2 OF uart.c: unknown #directive 'incldue'
   3          unsigned char aRxBuffer;
   4          sbit PWML=P2^7;
   5          sbit PWMR=P2^2;
   6          void Init_Uart(void)
   7          {
   8   1        TR1 = 0;
   9   1        ET1=0;
  10   1        
  11   1        PWML=PWMR=0;  
  12   1        TMOD = 0x21;
  13   1        SCON = 0x50;
  14   1        TH1 = 0xFD;
  15   1        TL1 = TH1;
  16   1        PCON = 0x00;
  17   1        IP=0x10;//串口中断优先级最高
  18   1        EA = 1;
  19   1        ES = 1;
  20   1        TR1 = 1;
  21   1      }
  22          
  23          void SendOneByte(unsigned char c)
  24          {
  25   1          SBUF = c;
  26   1          while(!TI);
  27   1          TI = 0;
  28   1      }
  29          
  30          void UARTInterrupt(void) interrupt 4
  31          {
  32   1          if(RI)
  33   1          {
  34   2            RI = 0;
  35   2            aRxBuffer=SBUF;
  36   2            usartjudge();
*** WARNING C206 IN LINE 36 OF uart.c: 'usartjudge': missing function-prototype
  37   2          }
  38   1      }
  39          


MODULE INFORMATION:   STATIC OVERLAYABLE
   CODE SIZE        =    108    ----
   CONSTANT SIZE    =   ----    ----
   XDATA SIZE       =   ----    ----
   PDATA SIZE       =   ----    ----
   DATA SIZE        =      1    ----
   IDATA SIZE       =   ----    ----
   BIT SIZE         =   ----    ----
END OF MODULE INFORMATION.


C51 COMPILATION COMPLETE.  2 WARNING(S),  0 ERROR(S)
